d:\cuda_wli\data acquisition\cudadataacquisition\cudadataacquisition\x64\debug\vc142.pdb
d:\cuda_wli\data acquisition\cudadataacquisition\cudadataacquisition\x64\debug\vc142.idb
d:\cuda_wli\data acquisition\cudadataacquisition\cudadataacquisition\x64\debug\grab.obj
d:\cuda_wli\data acquisition\cudadataacquisition\cudadataacquisition\x64\debug\cvgrab.obj
d:\cuda_wli\data acquisition\cudadataacquisition\cudadataacquisition\x64\debug\kernel.cu.obj
d:\cuda_wli\data acquisition\cudadataacquisition\x64\debug\cudadataacquisition.lib
d:\cuda_wli\data acquisition\cudadataacquisition\x64\debug\cudadataacquisition.exp
d:\cuda_wli\data acquisition\cudadataacquisition\x64\debug\cudadataacquisition.exe
d:\cuda_wli\data acquisition\cudadataacquisition\cudadataacquisition\x64\debug\cudadataacquisition.ilk
d:\cuda_wli\data acquisition\cudadataacquisition\x64\debug\cudadataacquisition.pdb
d:\cuda_wli\data acquisition\cudadataacquisition\cudadataacquisition\x64\debug\kernel.cu.cache
d:\cuda_wli\data acquisition\cudadataacquisition\cudadataacquisition\x64\debug\cudadata.34c37350.tlog\cl.command.1.tlog
d:\cuda_wli\data acquisition\cudadataacquisition\cudadataacquisition\x64\debug\cudadata.34c37350.tlog\cl.read.1.tlog
d:\cuda_wli\data acquisition\cudadataacquisition\cudadataacquisition\x64\debug\cudadata.34c37350.tlog\cl.write.1.tlog
d:\cuda_wli\data acquisition\cudadataacquisition\cudadataacquisition\x64\debug\cudadata.34c37350.tlog\cudacompile.read.1u.tlog
d:\cuda_wli\data acquisition\cudadataacquisition\cudadataacquisition\x64\debug\cudadata.34c37350.tlog\cudacompile.write.1u.tlog
d:\cuda_wli\data acquisition\cudadataacquisition\cudadataacquisition\x64\debug\cudadata.34c37350.tlog\cudadataacquisition.write.1u.tlog
d:\cuda_wli\data acquisition\cudadataacquisition\cudadataacquisition\x64\debug\cudadata.34c37350.tlog\link.command.1.tlog
d:\cuda_wli\data acquisition\cudadataacquisition\cudadataacquisition\x64\debug\cudadata.34c37350.tlog\link.read.1.tlog
d:\cuda_wli\data acquisition\cudadataacquisition\cudadataacquisition\x64\debug\cudadata.34c37350.tlog\link.write.1.tlog
